# JRE version: Java(TM) SE Runtime Environment (21.0.4+8) (build 21.0.4+8-LTS-274)
# Java VM: Java HotSpot(TM) 64-Bit Server VM (21.0.4+8-LTS-274, mixed mode, sharing, tiered, compressed oops, compressed class ptrs, g1 gc, windows-amd64)
GC Precious Log:
 CardTable entry size: 512
 Card Set container configuration: InlinePtr #cards 5 size 8 Array Of Cards #cards 12 size 40 Howl #buckets 4 coarsen threshold 1843 Howl Bitmap #cards 512 size 80 coarsen threshold 460 Card regions per heap region 1 cards per card region 2048
 CPUs: 12 total, 12 available
 Memory: 15556M
 Large Page Support: Disabled
 NUMA Support: Disabled
 Compressed Oops: Enabled (32-bit)
 Heap Region Size: 1M
 Heap Min Capacity: 8M
 Heap Initial Capacity: 244M
 Heap Max Capacity: 2G
 Pre-touch: Disabled
 Parallel Workers: 10
 Concurrent Workers: 3
 Concurrent Refinement Workers: 10
 Periodic GC: Disabled
Heap:
 garbage-first heap   total 386048K, used 300722K [0x0000000080000000, 0x0000000100000000)
  region size 1024K, 125 young (128000K), 8 survivors (8192K)
 Metaspace       used 133225K, committed 135744K, reserved 1179648K
  class space    used 17574K, committed 18816K, reserved 1048576K
GC Heap History (20 events):
Event: 14.606 GC heap before
{Heap before GC invocations=37 (full 0):
 garbage-first heap   total 199680K, used 168136K [0x0000000080000000, 0x0000000100000000)
  region size 1024K, 51 young (52224K), 5 survivors (5120K)
 Metaspace       used 101817K, committed 104128K, reserved 1179648K
  class space    used 14290K, committed 15424K, reserved 1048576K
}
Event: 14.613 GC heap after
{Heap after GC invocations=38 (full 0):
 garbage-first heap   total 199680K, used 125949K [0x0000000080000000, 0x0000000100000000)
  region size 1024K, 7 young (7168K), 7 survivors (7168K)
 Metaspace       used 101817K, committed 104128K, reserved 1179648K
  class space    used 14290K, committed 15424K, reserved 1048576K
}
Event: 15.069 GC heap before
{Heap before GC invocations=38 (full 0):
 garbage-first heap   total 199680K, used 174077K [0x0000000080000000, 0x0000000100000000)
  region size 1024K, 55 young (56320K), 7 survivors (7168K)
 Metaspace       used 104014K, committed 106368K, reserved 1179648K
  class space    used 14530K, committed 15680K, reserved 1048576K
}
Event: 15.076 GC heap after
{Heap after GC invocations=39 (full 0):
 garbage-first heap   total 200704K, used 140864K [0x0000000080000000, 0x0000000100000000)
  region size 1024K, 7 young (7168K), 7 survivors (7168K)
 Metaspace       used 104014K, committed 106368K, reserved 1179648K
  class space    used 14530K, committed 15680K, reserved 1048576K
}
Event: 15.301 GC heap before
{Heap before GC invocations=39 (full 0):
 garbage-first heap   total 200704K, used 162368K [0x0000000080000000, 0x0000000100000000)
  region size 1024K, 30 young (30720K), 7 survivors (7168K)
 Metaspace       used 105221K, committed 107520K, reserved 1179648K
  class space    used 14664K, committed 15808K, reserved 1048576K
}
Event: 15.309 GC heap after
{Heap after GC invocations=40 (full 0):
 garbage-first heap   total 200704K, used 153600K [0x0000000080000000, 0x0000000100000000)
  region size 1024K, 6 young (6144K), 6 survivors (6144K)
 Metaspace       used 105221K, committed 107520K, reserved 1179648K
  class space    used 14664K, committed 15808K, reserved 1048576K
}
Event: 15.592 GC heap before
{Heap before GC invocations=41 (full 0):
 garbage-first heap   total 296960K, used 204800K [0x0000000080000000, 0x0000000100000000)
  region size 1024K, 30 young (30720K), 6 survivors (6144K)
 Metaspace       used 106353K, committed 108736K, reserved 1179648K
  class space    used 14790K, committed 16000K, reserved 1048576K
}
Event: 15.597 GC heap after
{Heap after GC invocations=42 (full 0):
 garbage-first heap   total 296960K, used 157434K [0x0000000080000000, 0x0000000100000000)
  region size 1024K, 4 young (4096K), 4 survivors (4096K)
 Metaspace       used 106353K, committed 108736K, reserved 1179648K
  class space    used 14790K, committed 16000K, reserved 1048576K
}
Event: 16.075 GC heap before
{Heap before GC invocations=42 (full 0):
 garbage-first heap   total 296960K, used 255738K [0x0000000080000000, 0x0000000100000000)
  region size 1024K, 101 young (103424K), 4 survivors (4096K)
 Metaspace       used 109015K, committed 111424K, reserved 1179648K
  class space    used 15072K, committed 16256K, reserved 1048576K
}
Event: 16.079 GC heap after
{Heap after GC invocations=43 (full 0):
 garbage-first heap   total 296960K, used 158727K [0x0000000080000000, 0x0000000100000000)
  region size 1024K, 7 young (7168K), 7 survivors (7168K)
 Metaspace       used 109015K, committed 111424K, reserved 1179648K
  class space    used 15072K, committed 16256K, reserved 1048576K
}
Event: 16.835 GC heap before
{Heap before GC invocations=43 (full 0):
 garbage-first heap   total 296960K, used 262151K [0x0000000080000000, 0x0000000100000000)
  region size 1024K, 109 young (111616K), 7 survivors (7168K)
 Metaspace       used 111046K, committed 113472K, reserved 1179648K
  class space    used 15301K, committed 16512K, reserved 1048576K
}
Event: 16.842 GC heap after
{Heap after GC invocations=44 (full 0):
 garbage-first heap   total 296960K, used 165890K [0x0000000080000000, 0x0000000100000000)
  region size 1024K, 14 young (14336K), 14 survivors (14336K)
 Metaspace       used 111046K, committed 113472K, reserved 1179648K
  class space    used 15301K, committed 16512K, reserved 1048576K
}
Event: 17.202 GC heap before
{Heap before GC invocations=45 (full 0):
 garbage-first heap   total 321536K, used 263170K [0x0000000080000000, 0x0000000100000000)
  region size 1024K, 110 young (112640K), 14 survivors (14336K)
 Metaspace       used 111195K, committed 113600K, reserved 1179648K
  class space    used 15319K, committed 16512K, reserved 1048576K
}
Event: 17.209 GC heap after
{Heap after GC invocations=46 (full 0):
 garbage-first heap   total 321536K, used 169605K [0x0000000080000000, 0x0000000100000000)
  region size 1024K, 7 young (7168K), 7 survivors (7168K)
 Metaspace       used 111195K, committed 113600K, reserved 1179648K
  class space    used 15319K, committed 16512K, reserved 1048576K
}
Event: 19.194 GC heap before
{Heap before GC invocations=46 (full 0):
 garbage-first heap   total 321536K, used 292485K [0x0000000080000000, 0x0000000100000000)
  region size 1024K, 126 young (129024K), 7 survivors (7168K)
 Metaspace       used 114796K, committed 117184K, reserved 1179648K
  class space    used 15588K, committed 16768K, reserved 1048576K
}
Event: 19.200 GC heap after
{Heap after GC invocations=47 (full 0):
 garbage-first heap   total 386048K, used 155685K [0x0000000080000000, 0x0000000100000000)
  region size 1024K, 10 young (10240K), 10 survivors (10240K)
 Metaspace       used 114796K, committed 117184K, reserved 1179648K
  class space    used 15588K, committed 16768K, reserved 1048576K
}
Event: 23.666 GC heap before
{Heap before GC invocations=47 (full 0):
 garbage-first heap   total 386048K, used 351269K [0x0000000080000000, 0x0000000100000000)
  region size 1024K, 198 young (202752K), 10 survivors (10240K)
 Metaspace       used 127617K, committed 130176K, reserved 1179648K
  class space    used 17147K, committed 18432K, reserved 1048576K
}
Event: 23.681 GC heap after
{Heap after GC invocations=48 (full 0):
 garbage-first heap   total 386048K, used 179773K [0x0000000080000000, 0x0000000100000000)
  region size 1024K, 25 young (25600K), 25 survivors (25600K)
 Metaspace       used 127617K, committed 130176K, reserved 1179648K
  class space    used 17147K, committed 18432K, reserved 1048576K
}
Event: 24.171 GC heap before
{Heap before GC invocations=48 (full 0):
 garbage-first heap   total 386048K, used 218685K [0x0000000080000000, 0x0000000100000000)
  region size 1024K, 65 young (66560K), 25 survivors (25600K)
 Metaspace       used 129690K, committed 132224K, reserved 1179648K
  class space    used 17309K, committed 18560K, reserved 1048576K
}
Event: 24.184 GC heap after
{Heap after GC invocations=49 (full 0):
 garbage-first heap   total 386048K, used 188082K [0x0000000080000000, 0x0000000100000000)
  region size 1024K, 8 young (8192K), 8 survivors (8192K)
 Metaspace       used 129690K, committed 132224K, reserved 1179648K
  class space    used 17309K, committed 18560K, reserved 1048576K
}

