# JRE version: OpenJDK Runtime Environment Temurin-21.0.8+9 (21.0.8+9) (build 21.0.8+9-LTS)
# Java VM: OpenJDK 64-Bit Server VM Temurin-21.0.8+9 (21.0.8+9-LTS, mixed mode, sharing, tiered, compressed oops, compressed class ptrs, parallel gc, windows-amd64)
GC Precious Log:
 CardTable entry size: 512
 CPUs: 12 total, 12 available
 Memory: 15556M
 Large Page Support: Disabled
 NUMA Support: Disabled
 Compressed Oops: Enabled (32-bit)
 Alignments: Space 512K, Generation 512K, Heap 2M
 Heap Min Capacity: 100M
 Heap Initial Capacity: 100M
 Heap Max Capacity: 2G
 Pre-touch: Disabled
 Parallel Workers: 10
Heap:
 PSYoungGen      total 11264K, used 9487K [0x00000000d5580000, 0x00000000d6380000, 0x0000000100000000)
  eden space 10240K, 84% used [0x00000000d5580000,0x00000000d5dfe700,0x00000000d5f80000)
  from space 1024K, 77% used [0x00000000d5f80000,0x00000000d60458f8,0x00000000d6080000)
  to   space 1536K, 0% used [0x00000000d6200000,0x00000000d6200000,0x00000000d6380000)
 ParOldGen       total 155136K, used 154839K [0x0000000080000000, 0x0000000089780000, 0x00000000d5580000)
  object space 155136K, 99% used [0x0000000080000000,0x0000000089735f00,0x0000000089780000)
 Metaspace       used 75040K, committed 76544K, reserved 1179648K
  class space    used 8412K, committed 9024K, reserved 1048576K
GC Heap History (20 events):
Event: 1257.767 GC heap before
{Heap before GC invocations=67 (full 3):
 PSYoungGen      total 13312K, used 13280K [0x00000000d5580000, 0x00000000d6b80000, 0x0000000100000000)
  eden space 12288K, 100% used [0x00000000d5580000,0x00000000d6180000,0x00000000d6180000)
  from space 1024K, 96% used [0x00000000d6180000,0x00000000d6278000,0x00000000d6280000)
  to   space 4608K, 0% used [0x00000000d6700000,0x00000000d6700000,0x00000000d6b80000)
 ParOldGen       total 144384K, used 143983K [0x0000000080000000, 0x0000000088d00000, 0x00000000d5580000)
  object space 144384K, 99% used [0x0000000080000000,0x0000000088c9bca8,0x0000000088d00000)
 Metaspace       used 72087K, committed 73600K, reserved 1114112K
  class space    used 8228K, committed 8832K, reserved 1048576K
}
Event: 1257.771 GC heap after
{Heap after GC invocations=67 (full 3):
 PSYoungGen      total 13312K, used 617K [0x00000000d5580000, 0x00000000d6800000, 0x0000000100000000)
  eden space 12288K, 0% used [0x00000000d5580000,0x00000000d5580000,0x00000000d6180000)
  from space 1024K, 60% used [0x00000000d6700000,0x00000000d679a660,0x00000000d6800000)
  to   space 1536K, 0% used [0x00000000d6500000,0x00000000d6500000,0x00000000d6680000)
 ParOldGen       total 144896K, used 144823K [0x0000000080000000, 0x0000000088d80000, 0x00000000d5580000)
  object space 144896K, 99% used [0x0000000080000000,0x0000000088d6dca8,0x0000000088d80000)
 Metaspace       used 72087K, committed 73600K, reserved 1114112K
  class space    used 8228K, committed 8832K, reserved 1048576K
}
Event: 1258.034 GC heap before
{Heap before GC invocations=68 (full 3):
 PSYoungGen      total 13312K, used 12905K [0x00000000d5580000, 0x00000000d6800000, 0x0000000100000000)
  eden space 12288K, 100% used [0x00000000d5580000,0x00000000d6180000,0x00000000d6180000)
  from space 1024K, 60% used [0x00000000d6700000,0x00000000d679a660,0x00000000d6800000)
  to   space 1536K, 0% used [0x00000000d6500000,0x00000000d6500000,0x00000000d6680000)
 ParOldGen       total 144896K, used 144823K [0x0000000080000000, 0x0000000088d80000, 0x00000000d5580000)
  object space 144896K, 99% used [0x0000000080000000,0x0000000088d6dca8,0x0000000088d80000)
 Metaspace       used 72416K, committed 73920K, reserved 1179648K
  class space    used 8247K, committed 8896K, reserved 1048576K
}
Event: 1258.038 GC heap after
{Heap after GC invocations=68 (full 3):
 PSYoungGen      total 13824K, used 1516K [0x00000000d5580000, 0x00000000d6a80000, 0x0000000100000000)
  eden space 12288K, 0% used [0x00000000d5580000,0x00000000d5580000,0x00000000d6180000)
  from space 1536K, 98% used [0x00000000d6500000,0x00000000d667b118,0x00000000d6680000)
  to   space 4096K, 0% used [0x00000000d6680000,0x00000000d6680000,0x00000000d6a80000)
 ParOldGen       total 147456K, used 147195K [0x0000000080000000, 0x0000000089000000, 0x00000000d5580000)
  object space 147456K, 99% used [0x0000000080000000,0x0000000088fbee28,0x0000000089000000)
 Metaspace       used 72416K, committed 73920K, reserved 1179648K
  class space    used 8247K, committed 8896K, reserved 1048576K
}
Event: 1258.076 GC heap before
{Heap before GC invocations=69 (full 3):
 PSYoungGen      total 13824K, used 13804K [0x00000000d5580000, 0x00000000d6a80000, 0x0000000100000000)
  eden space 12288K, 100% used [0x00000000d5580000,0x00000000d6180000,0x00000000d6180000)
  from space 1536K, 98% used [0x00000000d6500000,0x00000000d667b118,0x00000000d6680000)
  to   space 4096K, 0% used [0x00000000d6680000,0x00000000d6680000,0x00000000d6a80000)
 ParOldGen       total 147456K, used 147195K [0x0000000080000000, 0x0000000089000000, 0x00000000d5580000)
  object space 147456K, 99% used [0x0000000080000000,0x0000000088fbee28,0x0000000089000000)
 Metaspace       used 72432K, committed 73984K, reserved 1179648K
  class space    used 8247K, committed 8896K, reserved 1048576K
}
Event: 1258.078 GC heap after
{Heap after GC invocations=69 (full 3):
 PSYoungGen      total 13824K, used 1400K [0x00000000d5580000, 0x00000000d6800000, 0x0000000100000000)
  eden space 12288K, 0% used [0x00000000d5580000,0x00000000d5580000,0x00000000d6180000)
  from space 1536K, 91% used [0x00000000d6680000,0x00000000d67de238,0x00000000d6800000)
  to   space 2560K, 0% used [0x00000000d6300000,0x00000000d6300000,0x00000000d6580000)
 ParOldGen       total 148480K, used 148155K [0x0000000080000000, 0x0000000089100000, 0x00000000d5580000)
  object space 148480K, 99% used [0x0000000080000000,0x00000000890aef38,0x0000000089100000)
 Metaspace       used 72432K, committed 73984K, reserved 1179648K
  class space    used 8247K, committed 8896K, reserved 1048576K
}
Event: 1258.101 GC heap before
{Heap before GC invocations=70 (full 3):
 PSYoungGen      total 13824K, used 13688K [0x00000000d5580000, 0x00000000d6800000, 0x0000000100000000)
  eden space 12288K, 100% used [0x00000000d5580000,0x00000000d6180000,0x00000000d6180000)
  from space 1536K, 91% used [0x00000000d6680000,0x00000000d67de238,0x00000000d6800000)
  to   space 2560K, 0% used [0x00000000d6300000,0x00000000d6300000,0x00000000d6580000)
 ParOldGen       total 148480K, used 148155K [0x0000000080000000, 0x0000000089100000, 0x00000000d5580000)
  object space 148480K, 99% used [0x0000000080000000,0x00000000890aef38,0x0000000089100000)
 Metaspace       used 72441K, committed 73984K, reserved 1179648K
  class space    used 8247K, committed 8896K, reserved 1048576K
}
Event: 1258.104 GC heap after
{Heap after GC invocations=70 (full 3):
 PSYoungGen      total 13824K, used 1419K [0x00000000d5580000, 0x00000000d6700000, 0x0000000100000000)
  eden space 12288K, 0% used [0x00000000d5580000,0x00000000d5580000,0x00000000d6180000)
  from space 1536K, 92% used [0x00000000d6300000,0x00000000d6462ea0,0x00000000d6480000)
  to   space 2048K, 0% used [0x00000000d6500000,0x00000000d6500000,0x00000000d6700000)
 ParOldGen       total 148480K, used 148179K [0x0000000080000000, 0x0000000089100000, 0x00000000d5580000)
  object space 148480K, 99% used [0x0000000080000000,0x00000000890b4f38,0x0000000089100000)
 Metaspace       used 72441K, committed 73984K, reserved 1179648K
  class space    used 8247K, committed 8896K, reserved 1048576K
}
Event: 1258.235 GC heap before
{Heap before GC invocations=71 (full 3):
 PSYoungGen      total 13824K, used 13707K [0x00000000d5580000, 0x00000000d6700000, 0x0000000100000000)
  eden space 12288K, 100% used [0x00000000d5580000,0x00000000d6180000,0x00000000d6180000)
  from space 1536K, 92% used [0x00000000d6300000,0x00000000d6462ea0,0x00000000d6480000)
  to   space 2048K, 0% used [0x00000000d6500000,0x00000000d6500000,0x00000000d6700000)
 ParOldGen       total 148480K, used 148179K [0x0000000080000000, 0x0000000089100000, 0x00000000d5580000)
  object space 148480K, 99% used [0x0000000080000000,0x00000000890b4f38,0x0000000089100000)
 Metaspace       used 73730K, committed 75264K, reserved 1179648K
  class space    used 8358K, committed 9024K, reserved 1048576K
}
Event: 1258.237 GC heap after
{Heap after GC invocations=71 (full 3):
 PSYoungGen      total 12800K, used 416K [0x00000000d5580000, 0x00000000d6580000, 0x0000000100000000)
  eden space 12288K, 0% used [0x00000000d5580000,0x00000000d5580000,0x00000000d6180000)
  from space 512K, 81% used [0x00000000d6500000,0x00000000d6568010,0x00000000d6580000)
  to   space 1024K, 0% used [0x00000000d6380000,0x00000000d6380000,0x00000000d6480000)
 ParOldGen       total 148480K, used 148187K [0x0000000080000000, 0x0000000089100000, 0x00000000d5580000)
  object space 148480K, 99% used [0x0000000080000000,0x00000000890b6f38,0x0000000089100000)
 Metaspace       used 73730K, committed 75264K, reserved 1179648K
  class space    used 8358K, committed 9024K, reserved 1048576K
}
Event: 1259.516 GC heap before
{Heap before GC invocations=72 (full 3):
 PSYoungGen      total 12800K, used 12703K [0x00000000d5580000, 0x00000000d6580000, 0x0000000100000000)
  eden space 12288K, 99% used [0x00000000d5580000,0x00000000d617ff98,0x00000000d6180000)
  from space 512K, 81% used [0x00000000d6500000,0x00000000d6568010,0x00000000d6580000)
  to   space 1024K, 0% used [0x00000000d6380000,0x00000000d6380000,0x00000000d6480000)
 ParOldGen       total 148480K, used 148187K [0x0000000080000000, 0x0000000089100000, 0x00000000d5580000)
  object space 148480K, 99% used [0x0000000080000000,0x00000000890b6f38,0x0000000089100000)
 Metaspace       used 74461K, committed 75968K, reserved 1179648K
  class space    used 8409K, committed 9024K, reserved 1048576K
}
Event: 1259.519 GC heap after
{Heap after GC invocations=72 (full 3):
 PSYoungGen      total 13312K, used 1008K [0x00000000d5580000, 0x00000000d6680000, 0x0000000100000000)
  eden space 12288K, 0% used [0x00000000d5580000,0x00000000d5580000,0x00000000d6180000)
  from space 1024K, 98% used [0x00000000d6380000,0x00000000d647c030,0x00000000d6480000)
  to   space 2048K, 0% used [0x00000000d6480000,0x00000000d6480000,0x00000000d6680000)
 ParOldGen       total 149504K, used 149130K [0x0000000080000000, 0x0000000089200000, 0x00000000d5580000)
  object space 149504K, 99% used [0x0000000080000000,0x00000000891a2878,0x0000000089200000)
 Metaspace       used 74461K, committed 75968K, reserved 1179648K
  class space    used 8409K, committed 9024K, reserved 1048576K
}
Event: 1423.464 GC heap before
{Heap before GC invocations=73 (full 3):
 PSYoungGen      total 13312K, used 13296K [0x00000000d5580000, 0x00000000d6680000, 0x0000000100000000)
  eden space 12288K, 100% used [0x00000000d5580000,0x00000000d6180000,0x00000000d6180000)
  from space 1024K, 98% used [0x00000000d6380000,0x00000000d647c030,0x00000000d6480000)
  to   space 2048K, 0% used [0x00000000d6480000,0x00000000d6480000,0x00000000d6680000)
 ParOldGen       total 149504K, used 149130K [0x0000000080000000, 0x0000000089200000, 0x00000000d5580000)
  object space 149504K, 99% used [0x0000000080000000,0x00000000891a2878,0x0000000089200000)
 Metaspace       used 74670K, committed 76224K, reserved 1179648K
  class space    used 8409K, committed 9024K, reserved 1048576K
}
Event: 1423.468 GC heap after
{Heap after GC invocations=73 (full 3):
 PSYoungGen      total 13312K, used 2022K [0x00000000d5580000, 0x00000000d6980000, 0x0000000100000000)
  eden space 11264K, 0% used [0x00000000d5580000,0x00000000d5580000,0x00000000d6080000)
  from space 2048K, 98% used [0x00000000d6480000,0x00000000d6679878,0x00000000d6680000)
  to   space 4096K, 0% used [0x00000000d6080000,0x00000000d6080000,0x00000000d6480000)
 ParOldGen       total 151040K, used 150619K [0x0000000080000000, 0x0000000089380000, 0x00000000d5580000)
  object space 151040K, 99% used [0x0000000080000000,0x0000000089316ff0,0x0000000089380000)
 Metaspace       used 74670K, committed 76224K, reserved 1179648K
  class space    used 8409K, committed 9024K, reserved 1048576K
}
Event: 1438.747 GC heap before
{Heap before GC invocations=74 (full 3):
 PSYoungGen      total 13312K, used 13286K [0x00000000d5580000, 0x00000000d6980000, 0x0000000100000000)
  eden space 11264K, 100% used [0x00000000d5580000,0x00000000d6080000,0x00000000d6080000)
  from space 2048K, 98% used [0x00000000d6480000,0x00000000d6679878,0x00000000d6680000)
  to   space 4096K, 0% used [0x00000000d6080000,0x00000000d6080000,0x00000000d6480000)
 ParOldGen       total 151040K, used 150619K [0x0000000080000000, 0x0000000089380000, 0x00000000d5580000)
  object space 151040K, 99% used [0x0000000080000000,0x0000000089316ff0,0x0000000089380000)
 Metaspace       used 74780K, committed 76288K, reserved 1179648K
  class space    used 8410K, committed 9024K, reserved 1048576K
}
Event: 1438.750 GC heap after
{Heap after GC invocations=74 (full 3):
 PSYoungGen      total 12288K, used 658K [0x00000000d5580000, 0x00000000d6500000, 0x0000000100000000)
  eden space 11264K, 0% used [0x00000000d5580000,0x00000000d5580000,0x00000000d6080000)
  from space 1024K, 64% used [0x00000000d6080000,0x00000000d6124848,0x00000000d6180000)
  to   space 2048K, 0% used [0x00000000d6300000,0x00000000d6300000,0x00000000d6500000)
 ParOldGen       total 152576K, used 152100K [0x0000000080000000, 0x0000000089500000, 0x00000000d5580000)
  object space 152576K, 99% used [0x0000000080000000,0x0000000089489188,0x0000000089500000)
 Metaspace       used 74780K, committed 76288K, reserved 1179648K
  class space    used 8410K, committed 9024K, reserved 1048576K
}
Event: 1439.166 GC heap before
{Heap before GC invocations=75 (full 3):
 PSYoungGen      total 12288K, used 11922K [0x00000000d5580000, 0x00000000d6500000, 0x0000000100000000)
  eden space 11264K, 100% used [0x00000000d5580000,0x00000000d6080000,0x00000000d6080000)
  from space 1024K, 64% used [0x00000000d6080000,0x00000000d6124848,0x00000000d6180000)
  to   space 2048K, 0% used [0x00000000d6300000,0x00000000d6300000,0x00000000d6500000)
 ParOldGen       total 152576K, used 152100K [0x0000000080000000, 0x0000000089500000, 0x00000000d5580000)
  object space 152576K, 99% used [0x0000000080000000,0x0000000089489188,0x0000000089500000)
 Metaspace       used 74870K, committed 76416K, reserved 1179648K
  class space    used 8411K, committed 9024K, reserved 1048576K
}
Event: 1439.168 GC heap after
{Heap after GC invocations=75 (full 3):
 PSYoungGen      total 12288K, used 2034K [0x00000000d5580000, 0x00000000d6780000, 0x0000000100000000)
  eden space 10240K, 0% used [0x00000000d5580000,0x00000000d5580000,0x00000000d5f80000)
  from space 2048K, 99% used [0x00000000d6300000,0x00000000d64fc868,0x00000000d6500000)
  to   space 3584K, 0% used [0x00000000d5f80000,0x00000000d5f80000,0x00000000d6300000)
 ParOldGen       total 153088K, used 152859K [0x0000000080000000, 0x0000000089580000, 0x00000000d5580000)
  object space 153088K, 99% used [0x0000000080000000,0x0000000089546e80,0x0000000089580000)
 Metaspace       used 74870K, committed 76416K, reserved 1179648K
  class space    used 8411K, committed 9024K, reserved 1048576K
}
Event: 1475.234 GC heap before
{Heap before GC invocations=76 (full 3):
 PSYoungGen      total 12288K, used 12274K [0x00000000d5580000, 0x00000000d6780000, 0x0000000100000000)
  eden space 10240K, 100% used [0x00000000d5580000,0x00000000d5f80000,0x00000000d5f80000)
  from space 2048K, 99% used [0x00000000d6300000,0x00000000d64fc868,0x00000000d6500000)
  to   space 3584K, 0% used [0x00000000d5f80000,0x00000000d5f80000,0x00000000d6300000)
 ParOldGen       total 153088K, used 152859K [0x0000000080000000, 0x0000000089580000, 0x00000000d5580000)
  object space 153088K, 99% used [0x0000000080000000,0x0000000089546e80,0x0000000089580000)
 Metaspace       used 75016K, committed 76544K, reserved 1179648K
  class space    used 8412K, committed 9024K, reserved 1048576K
}
Event: 1475.237 GC heap after
{Heap after GC invocations=76 (full 3):
 PSYoungGen      total 11264K, used 790K [0x00000000d5580000, 0x00000000d6380000, 0x0000000100000000)
  eden space 10240K, 0% used [0x00000000d5580000,0x00000000d5580000,0x00000000d5f80000)
  from space 1024K, 77% used [0x00000000d5f80000,0x00000000d60458f8,0x00000000d6080000)
  to   space 1536K, 0% used [0x00000000d6200000,0x00000000d6200000,0x00000000d6380000)
 ParOldGen       total 155136K, used 154839K [0x0000000080000000, 0x0000000089780000, 0x00000000d5580000)
  object space 155136K, 99% used [0x0000000080000000,0x0000000089735f00,0x0000000089780000)
 Metaspace       used 75016K, committed 76544K, reserved 1179648K
  class space    used 8412K, committed 9024K, reserved 1048576K
}

