# JRE version: OpenJDK Runtime Environment Temurin-21.0.8+9 (21.0.8+9) (build 21.0.8+9-LTS)
# Java VM: OpenJDK 64-Bit Server VM Temurin-21.0.8+9 (21.0.8+9-LTS, mixed mode, sharing, tiered, compressed oops, compressed class ptrs, parallel gc, windows-amd64)
GC Precious Log:
 CardTable entry size: 512
 CPUs: 12 total, 12 available
 Memory: 15556M
 Large Page Support: Disabled
 NUMA Support: Disabled
 Compressed Oops: Enabled (32-bit)
 Alignments: Space 512K, Generation 512K, Heap 2M
 Heap Min Capacity: 100M
 Heap Initial Capacity: 100M
 Heap Max Capacity: 2G
 Pre-touch: Disabled
 Parallel Workers: 10
Heap:
 PSYoungGen      total 5120K, used 2452K [0x00000000d5580000, 0x00000000d5d80000, 0x0000000100000000)
  eden space 4608K, 47% used [0x00000000d5580000,0x00000000d57a51d0,0x00000000d5a00000)
  from space 512K, 50% used [0x00000000d5d00000,0x00000000d5d40000,0x00000000d5d80000)
  to   space 512K, 0% used [0x00000000d5c80000,0x00000000d5c80000,0x00000000d5d00000)
 ParOldGen       total 542720K, used 299093K [0x0000000080000000, 0x00000000a1200000, 0x00000000d5580000)
  object space 542720K, 55% used [0x0000000080000000,0x0000000092415530,0x00000000a1200000)
 Metaspace       used 92734K, committed 94464K, reserved 1179648K
  class space    used 10815K, committed 11584K, reserved 1048576K
GC Heap History (20 events):
Event: 3621.188 GC heap before
{Heap before GC invocations=643 (full 4):
 PSYoungGen      total 5120K, used 4702K [0x00000000d5580000, 0x00000000d5d80000, 0x0000000100000000)
  eden space 2560K, 100% used [0x00000000d5580000,0x00000000d5800000,0x00000000d5800000)
  from space 2560K, 83% used [0x00000000d5b00000,0x00000000d5d17960,0x00000000d5d80000)
  to   space 2560K, 0% used [0x00000000d5880000,0x00000000d5880000,0x00000000d5b00000)
 ParOldGen       total 542720K, used 293263K [0x0000000080000000, 0x00000000a1200000, 0x00000000d5580000)
  object space 542720K, 54% used [0x0000000080000000,0x0000000091e63ce0,0x00000000a1200000)
 Metaspace       used 92706K, committed 94464K, reserved 1179648K
  class space    used 10815K, committed 11584K, reserved 1048576K
}
Event: 3621.194 GC heap after
{Heap after GC invocations=643 (full 4):
 PSYoungGen      total 5632K, used 2496K [0x00000000d5580000, 0x00000000d5e80000, 0x0000000100000000)
  eden space 3072K, 0% used [0x00000000d5580000,0x00000000d5580000,0x00000000d5880000)
  from space 2560K, 97% used [0x00000000d5880000,0x00000000d5af0000,0x00000000d5b00000)
  to   space 3072K, 0% used [0x00000000d5b80000,0x00000000d5b80000,0x00000000d5e80000)
 ParOldGen       total 542720K, used 295269K [0x0000000080000000, 0x00000000a1200000, 0x00000000d5580000)
  object space 542720K, 54% used [0x0000000080000000,0x0000000092059640,0x00000000a1200000)
 Metaspace       used 92706K, committed 94464K, reserved 1179648K
  class space    used 10815K, committed 11584K, reserved 1048576K
}
Event: 3621.204 GC heap before
{Heap before GC invocations=644 (full 4):
 PSYoungGen      total 5632K, used 5568K [0x00000000d5580000, 0x00000000d5e80000, 0x0000000100000000)
  eden space 3072K, 100% used [0x00000000d5580000,0x00000000d5880000,0x00000000d5880000)
  from space 2560K, 97% used [0x00000000d5880000,0x00000000d5af0000,0x00000000d5b00000)
  to   space 3072K, 0% used [0x00000000d5b80000,0x00000000d5b80000,0x00000000d5e80000)
 ParOldGen       total 542720K, used 295269K [0x0000000080000000, 0x00000000a1200000, 0x00000000d5580000)
  object space 542720K, 54% used [0x0000000080000000,0x0000000092059640,0x00000000a1200000)
 Metaspace       used 92708K, committed 94464K, reserved 1179648K
  class space    used 10815K, committed 11584K, reserved 1048576K
}
Event: 3621.209 GC heap after
{Heap after GC invocations=644 (full 4):
 PSYoungGen      total 5120K, used 912K [0x00000000d5580000, 0x00000000d5c80000, 0x0000000100000000)
  eden space 4096K, 0% used [0x00000000d5580000,0x00000000d5580000,0x00000000d5980000)
  from space 1024K, 89% used [0x00000000d5b80000,0x00000000d5c64010,0x00000000d5c80000)
  to   space 1536K, 0% used [0x00000000d5980000,0x00000000d5980000,0x00000000d5b00000)
 ParOldGen       total 542720K, used 297525K [0x0000000080000000, 0x00000000a1200000, 0x00000000d5580000)
  object space 542720K, 54% used [0x0000000080000000,0x000000009228d640,0x00000000a1200000)
 Metaspace       used 92708K, committed 94464K, reserved 1179648K
  class space    used 10815K, committed 11584K, reserved 1048576K
}
Event: 3621.904 GC heap before
{Heap before GC invocations=645 (full 4):
 PSYoungGen      total 5120K, used 5008K [0x00000000d5580000, 0x00000000d5c80000, 0x0000000100000000)
  eden space 4096K, 100% used [0x00000000d5580000,0x00000000d5980000,0x00000000d5980000)
  from space 1024K, 89% used [0x00000000d5b80000,0x00000000d5c64010,0x00000000d5c80000)
  to   space 1536K, 0% used [0x00000000d5980000,0x00000000d5980000,0x00000000d5b00000)
 ParOldGen       total 542720K, used 297525K [0x0000000080000000, 0x00000000a1200000, 0x00000000d5580000)
  object space 542720K, 54% used [0x0000000080000000,0x000000009228d640,0x00000000a1200000)
 Metaspace       used 92712K, committed 94464K, reserved 1179648K
  class space    used 10815K, committed 11584K, reserved 1048576K
}
Event: 3621.908 GC heap after
{Heap after GC invocations=645 (full 4):
 PSYoungGen      total 5632K, used 1534K [0x00000000d5580000, 0x00000000d6080000, 0x0000000100000000)
  eden space 4096K, 0% used [0x00000000d5580000,0x00000000d5580000,0x00000000d5980000)
  from space 1536K, 99% used [0x00000000d5980000,0x00000000d5aff960,0x00000000d5b00000)
  to   space 3072K, 0% used [0x00000000d5d80000,0x00000000d5d80000,0x00000000d6080000)
 ParOldGen       total 542720K, used 298637K [0x0000000080000000, 0x00000000a1200000, 0x00000000d5580000)
  object space 542720K, 55% used [0x0000000080000000,0x00000000923a3640,0x00000000a1200000)
 Metaspace       used 92712K, committed 94464K, reserved 1179648K
  class space    used 10815K, committed 11584K, reserved 1048576K
}
Event: 3621.915 GC heap before
{Heap before GC invocations=646 (full 4):
 PSYoungGen      total 5632K, used 5630K [0x00000000d5580000, 0x00000000d6080000, 0x0000000100000000)
  eden space 4096K, 99% used [0x00000000d5580000,0x00000000d597fff0,0x00000000d5980000)
  from space 1536K, 99% used [0x00000000d5980000,0x00000000d5aff960,0x00000000d5b00000)
  to   space 3072K, 0% used [0x00000000d5d80000,0x00000000d5d80000,0x00000000d6080000)
 ParOldGen       total 542720K, used 298637K [0x0000000080000000, 0x00000000a1200000, 0x00000000d5580000)
  object space 542720K, 55% used [0x0000000080000000,0x00000000923a3640,0x00000000a1200000)
 Metaspace       used 92713K, committed 94464K, reserved 1179648K
  class space    used 10815K, committed 11584K, reserved 1048576K
}
Event: 3621.917 GC heap after
{Heap after GC invocations=646 (full 4):
 PSYoungGen      total 7680K, used 3070K [0x00000000d5580000, 0x00000000d6180000, 0x0000000100000000)
  eden space 4608K, 0% used [0x00000000d5580000,0x00000000d5580000,0x00000000d5a00000)
  from space 3072K, 99% used [0x00000000d5d80000,0x00000000d607f960,0x00000000d6080000)
  to   space 3584K, 0% used [0x00000000d5a00000,0x00000000d5a00000,0x00000000d5d80000)
 ParOldGen       total 542720K, used 298869K [0x0000000080000000, 0x00000000a1200000, 0x00000000d5580000)
  object space 542720K, 55% used [0x0000000080000000,0x00000000923dd530,0x00000000a1200000)
 Metaspace       used 92713K, committed 94464K, reserved 1179648K
  class space    used 10815K, committed 11584K, reserved 1048576K
}
Event: 3621.934 GC heap before
{Heap before GC invocations=647 (full 4):
 PSYoungGen      total 7680K, used 7678K [0x00000000d5580000, 0x00000000d6180000, 0x0000000100000000)
  eden space 4608K, 100% used [0x00000000d5580000,0x00000000d5a00000,0x00000000d5a00000)
  from space 3072K, 99% used [0x00000000d5d80000,0x00000000d607f960,0x00000000d6080000)
  to   space 3584K, 0% used [0x00000000d5a00000,0x00000000d5a00000,0x00000000d5d80000)
 ParOldGen       total 542720K, used 298869K [0x0000000080000000, 0x00000000a1200000, 0x00000000d5580000)
  object space 542720K, 55% used [0x0000000080000000,0x00000000923dd530,0x00000000a1200000)
 Metaspace       used 92715K, committed 94464K, reserved 1179648K
  class space    used 10815K, committed 11584K, reserved 1048576K
}
Event: 3621.935 GC heap after
{Heap after GC invocations=647 (full 4):
 PSYoungGen      total 6144K, used 1248K [0x00000000d5580000, 0x00000000d5f00000, 0x0000000100000000)
  eden space 4608K, 0% used [0x00000000d5580000,0x00000000d5580000,0x00000000d5a00000)
  from space 1536K, 81% used [0x00000000d5a00000,0x00000000d5b38000,0x00000000d5b80000)
  to   space 2048K, 0% used [0x00000000d5d00000,0x00000000d5d00000,0x00000000d5f00000)
 ParOldGen       total 542720K, used 298933K [0x0000000080000000, 0x00000000a1200000, 0x00000000d5580000)
  object space 542720K, 55% used [0x0000000080000000,0x00000000923ed530,0x00000000a1200000)
 Metaspace       used 92715K, committed 94464K, reserved 1179648K
  class space    used 10815K, committed 11584K, reserved 1048576K
}
Event: 3622.361 GC heap before
{Heap before GC invocations=648 (full 4):
 PSYoungGen      total 6144K, used 5768K [0x00000000d5580000, 0x00000000d5f00000, 0x0000000100000000)
  eden space 4608K, 98% used [0x00000000d5580000,0x00000000d59ea288,0x00000000d5a00000)
  from space 1536K, 81% used [0x00000000d5a00000,0x00000000d5b38000,0x00000000d5b80000)
  to   space 2048K, 0% used [0x00000000d5d00000,0x00000000d5d00000,0x00000000d5f00000)
 ParOldGen       total 542720K, used 298933K [0x0000000080000000, 0x00000000a1200000, 0x00000000d5580000)
  object space 542720K, 55% used [0x0000000080000000,0x00000000923ed530,0x00000000a1200000)
 Metaspace       used 92721K, committed 94464K, reserved 1179648K
  class space    used 10815K, committed 11584K, reserved 1048576K
}
Event: 3622.362 GC heap after
{Heap after GC invocations=648 (full 4):
 PSYoungGen      total 5120K, used 320K [0x00000000d5580000, 0x00000000d5d80000, 0x0000000100000000)
  eden space 4608K, 0% used [0x00000000d5580000,0x00000000d5580000,0x00000000d5a00000)
  from space 512K, 62% used [0x00000000d5d00000,0x00000000d5d50000,0x00000000d5d80000)
  to   space 1024K, 0% used [0x00000000d5b80000,0x00000000d5b80000,0x00000000d5c80000)
 ParOldGen       total 542720K, used 298949K [0x0000000080000000, 0x00000000a1200000, 0x00000000d5580000)
  object space 542720K, 55% used [0x0000000080000000,0x00000000923f1530,0x00000000a1200000)
 Metaspace       used 92721K, committed 94464K, reserved 1179648K
  class space    used 10815K, committed 11584K, reserved 1048576K
}
Event: 3622.372 GC heap before
{Heap before GC invocations=649 (full 4):
 PSYoungGen      total 5120K, used 4928K [0x00000000d5580000, 0x00000000d5d80000, 0x0000000100000000)
  eden space 4608K, 100% used [0x00000000d5580000,0x00000000d5a00000,0x00000000d5a00000)
  from space 512K, 62% used [0x00000000d5d00000,0x00000000d5d50000,0x00000000d5d80000)
  to   space 1024K, 0% used [0x00000000d5b80000,0x00000000d5b80000,0x00000000d5c80000)
 ParOldGen       total 542720K, used 298949K [0x0000000080000000, 0x00000000a1200000, 0x00000000d5580000)
  object space 542720K, 55% used [0x0000000080000000,0x00000000923f1530,0x00000000a1200000)
 Metaspace       used 92721K, committed 94464K, reserved 1179648K
  class space    used 10815K, committed 11584K, reserved 1048576K
}
Event: 3622.373 GC heap after
{Heap after GC invocations=649 (full 4):
 PSYoungGen      total 5632K, used 368K [0x00000000d5580000, 0x00000000d5d80000, 0x0000000100000000)
  eden space 4608K, 0% used [0x00000000d5580000,0x00000000d5580000,0x00000000d5a00000)
  from space 1024K, 35% used [0x00000000d5b80000,0x00000000d5bdc010,0x00000000d5c80000)
  to   space 512K, 0% used [0x00000000d5d00000,0x00000000d5d00000,0x00000000d5d80000)
 ParOldGen       total 542720K, used 299021K [0x0000000080000000, 0x00000000a1200000, 0x00000000d5580000)
  object space 542720K, 55% used [0x0000000080000000,0x0000000092403530,0x00000000a1200000)
 Metaspace       used 92721K, committed 94464K, reserved 1179648K
  class space    used 10815K, committed 11584K, reserved 1048576K
}
Event: 3638.337 GC heap before
{Heap before GC invocations=650 (full 4):
 PSYoungGen      total 5632K, used 4976K [0x00000000d5580000, 0x00000000d5d80000, 0x0000000100000000)
  eden space 4608K, 100% used [0x00000000d5580000,0x00000000d5a00000,0x00000000d5a00000)
  from space 1024K, 35% used [0x00000000d5b80000,0x00000000d5bdc010,0x00000000d5c80000)
  to   space 512K, 0% used [0x00000000d5d00000,0x00000000d5d00000,0x00000000d5d80000)
 ParOldGen       total 542720K, used 299021K [0x0000000080000000, 0x00000000a1200000, 0x00000000d5580000)
  object space 542720K, 55% used [0x0000000080000000,0x0000000092403530,0x00000000a1200000)
 Metaspace       used 92729K, committed 94464K, reserved 1179648K
  class space    used 10815K, committed 11584K, reserved 1048576K
}
Event: 3638.339 GC heap after
{Heap after GC invocations=650 (full 4):
 PSYoungGen      total 5120K, used 224K [0x00000000d5580000, 0x00000000d5d80000, 0x0000000100000000)
  eden space 4608K, 0% used [0x00000000d5580000,0x00000000d5580000,0x00000000d5a00000)
  from space 512K, 43% used [0x00000000d5d00000,0x00000000d5d38000,0x00000000d5d80000)
  to   space 512K, 0% used [0x00000000d5c80000,0x00000000d5c80000,0x00000000d5d00000)
 ParOldGen       total 542720K, used 299021K [0x0000000080000000, 0x00000000a1200000, 0x00000000d5580000)
  object space 542720K, 55% used [0x0000000080000000,0x0000000092403530,0x00000000a1200000)
 Metaspace       used 92729K, committed 94464K, reserved 1179648K
  class space    used 10815K, committed 11584K, reserved 1048576K
}
Event: 3638.653 GC heap before
{Heap before GC invocations=651 (full 4):
 PSYoungGen      total 5120K, used 4832K [0x00000000d5580000, 0x00000000d5d80000, 0x0000000100000000)
  eden space 4608K, 100% used [0x00000000d5580000,0x00000000d5a00000,0x00000000d5a00000)
  from space 512K, 43% used [0x00000000d5d00000,0x00000000d5d38000,0x00000000d5d80000)
  to   space 512K, 0% used [0x00000000d5c80000,0x00000000d5c80000,0x00000000d5d00000)
 ParOldGen       total 542720K, used 299021K [0x0000000080000000, 0x00000000a1200000, 0x00000000d5580000)
  object space 542720K, 55% used [0x0000000080000000,0x0000000092403530,0x00000000a1200000)
 Metaspace       used 92732K, committed 94464K, reserved 1179648K
  class space    used 10815K, committed 11584K, reserved 1048576K
}
Event: 3638.655 GC heap after
{Heap after GC invocations=651 (full 4):
 PSYoungGen      total 5120K, used 336K [0x00000000d5580000, 0x00000000d5d80000, 0x0000000100000000)
  eden space 4608K, 0% used [0x00000000d5580000,0x00000000d5580000,0x00000000d5a00000)
  from space 512K, 65% used [0x00000000d5c80000,0x00000000d5cd4010,0x00000000d5d00000)
  to   space 512K, 0% used [0x00000000d5d00000,0x00000000d5d00000,0x00000000d5d80000)
 ParOldGen       total 542720K, used 299077K [0x0000000080000000, 0x00000000a1200000, 0x00000000d5580000)
  object space 542720K, 55% used [0x0000000080000000,0x0000000092411530,0x00000000a1200000)
 Metaspace       used 92732K, committed 94464K, reserved 1179648K
  class space    used 10815K, committed 11584K, reserved 1048576K
}
Event: 3638.786 GC heap before
{Heap before GC invocations=652 (full 4):
 PSYoungGen      total 5120K, used 4944K [0x00000000d5580000, 0x00000000d5d80000, 0x0000000100000000)
  eden space 4608K, 100% used [0x00000000d5580000,0x00000000d5a00000,0x00000000d5a00000)
  from space 512K, 65% used [0x00000000d5c80000,0x00000000d5cd4010,0x00000000d5d00000)
  to   space 512K, 0% used [0x00000000d5d00000,0x00000000d5d00000,0x00000000d5d80000)
 ParOldGen       total 542720K, used 299077K [0x0000000080000000, 0x00000000a1200000, 0x00000000d5580000)
  object space 542720K, 55% used [0x0000000080000000,0x0000000092411530,0x00000000a1200000)
 Metaspace       used 92733K, committed 94464K, reserved 1179648K
  class space    used 10815K, committed 11584K, reserved 1048576K
}
Event: 3638.787 GC heap after
{Heap after GC invocations=652 (full 4):
 PSYoungGen      total 5120K, used 256K [0x00000000d5580000, 0x00000000d5d80000, 0x0000000100000000)
  eden space 4608K, 0% used [0x00000000d5580000,0x00000000d5580000,0x00000000d5a00000)
  from space 512K, 50% used [0x00000000d5d00000,0x00000000d5d40000,0x00000000d5d80000)
  to   space 512K, 0% used [0x00000000d5c80000,0x00000000d5c80000,0x00000000d5d00000)
 ParOldGen       total 542720K, used 299093K [0x0000000080000000, 0x00000000a1200000, 0x00000000d5580000)
  object space 542720K, 55% used [0x0000000080000000,0x0000000092415530,0x00000000a1200000)
 Metaspace       used 92733K, committed 94464K, reserved 1179648K
  class space    used 10815K, committed 11584K, reserved 1048576K
}

