# JRE version: OpenJDK Runtime Environment (21.0.8) (build 21.0.8+-14018985-b1038.68)
# Java VM: OpenJDK 64-Bit Server VM (21.0.8+-14018985-b1038.68, mixed mode, tiered, compressed oops, compressed class ptrs, g1 gc, windows-amd64)
GC Precious Log:
 CardTable entry size: 512
 Card Set container configuration: InlinePtr #cards 5 size 8 Array Of Cards #cards 12 size 40 Howl #buckets 4 coarsen threshold 1843 Howl Bitmap #cards 512 size 80 coarsen threshold 460 Card regions per heap region 1 cards per card region 2048
 CPUs: 12 total, 12 available
 Memory: 15556M
 Large Page Support: Disabled
 NUMA Support: Disabled
 Compressed Oops: Enabled (32-bit)
 Heap Region Size: 1M
 Heap Min Capacity: 8M
 Heap Initial Capacity: 244M
 Heap Max Capacity: 2G
 Pre-touch: Disabled
 Parallel Workers: 10
 Concurrent Workers: 3
 Concurrent Refinement Workers: 10
 Periodic GC: Disabled
Heap:
 garbage-first heap   total 174080K, used 125480K [0x0000000080000000, 0x0000000100000000)
  region size 1024K, 29 young (29696K), 7 survivors (7168K)
 Metaspace       used 111209K, committed 113408K, reserved 1179648K
  class space    used 15797K, committed 16896K, reserved 1048576K
GC Heap History (20 events):
Event: 11.472 GC heap before
{Heap before GC invocations=28 (full 0):
 garbage-first heap   total 144384K, used 89355K [0x0000000080000000, 0x0000000100000000)
  region size 1024K, 13 young (13312K), 3 survivors (3072K)
 Metaspace       used 83183K, committed 85056K, reserved 1179648K
  class space    used 11580K, committed 12480K, reserved 1048576K
}
Event: 11.475 GC heap after
{Heap after GC invocations=29 (full 0):
 garbage-first heap   total 144384K, used 82054K [0x0000000080000000, 0x0000000100000000)
  region size 1024K, 5 young (5120K), 5 survivors (5120K)
 Metaspace       used 83183K, committed 85056K, reserved 1179648K
  class space    used 11580K, committed 12480K, reserved 1048576K
}
Event: 12.022 GC heap before
{Heap before GC invocations=30 (full 0):
 garbage-first heap   total 145408K, used 135302K [0x0000000080000000, 0x0000000100000000)
  region size 1024K, 52 young (53248K), 5 survivors (5120K)
 Metaspace       used 85962K, committed 87808K, reserved 1179648K
  class space    used 11970K, committed 12864K, reserved 1048576K
}
Event: 12.026 GC heap after
{Heap after GC invocations=31 (full 0):
 garbage-first heap   total 145408K, used 86680K [0x0000000080000000, 0x0000000100000000)
  region size 1024K, 7 young (7168K), 7 survivors (7168K)
 Metaspace       used 85962K, committed 87808K, reserved 1179648K
  class space    used 11970K, committed 12864K, reserved 1048576K
}
Event: 12.621 GC heap before
{Heap before GC invocations=31 (full 0):
 garbage-first heap   total 145408K, used 129688K [0x0000000080000000, 0x0000000100000000)
  region size 1024K, 49 young (50176K), 7 survivors (7168K)
 Metaspace       used 90466K, committed 92416K, reserved 1179648K
  class space    used 12556K, committed 13504K, reserved 1048576K
}
Event: 12.626 GC heap after
{Heap after GC invocations=32 (full 0):
 garbage-first heap   total 145408K, used 88615K [0x0000000080000000, 0x0000000100000000)
  region size 1024K, 3 young (3072K), 3 survivors (3072K)
 Metaspace       used 90466K, committed 92416K, reserved 1179648K
  class space    used 12556K, committed 13504K, reserved 1048576K
}
Event: 12.681 GC heap before
{Heap before GC invocations=32 (full 0):
 garbage-first heap   total 145408K, used 91687K [0x0000000080000000, 0x0000000100000000)
  region size 1024K, 7 young (7168K), 3 survivors (3072K)
 Metaspace       used 90832K, committed 92800K, reserved 1179648K
  class space    used 12612K, committed 13568K, reserved 1048576K
}
Event: 12.684 GC heap after
{Heap after GC invocations=33 (full 0):
 garbage-first heap   total 145408K, used 88323K [0x0000000080000000, 0x0000000100000000)
  region size 1024K, 3 young (3072K), 3 survivors (3072K)
 Metaspace       used 90832K, committed 92800K, reserved 1179648K
  class space    used 12612K, committed 13568K, reserved 1048576K
}
Event: 13.346 GC heap before
{Heap before GC invocations=34 (full 0):
 garbage-first heap   total 153600K, used 135427K [0x0000000080000000, 0x0000000100000000)
  region size 1024K, 46 young (47104K), 3 survivors (3072K)
 Metaspace       used 94217K, committed 96192K, reserved 1179648K
  class space    used 13099K, committed 14080K, reserved 1048576K
}
Event: 13.349 GC heap after
{Heap after GC invocations=35 (full 0):
 garbage-first heap   total 153600K, used 93707K [0x0000000080000000, 0x0000000100000000)
  region size 1024K, 5 young (5120K), 5 survivors (5120K)
 Metaspace       used 94217K, committed 96192K, reserved 1179648K
  class space    used 13099K, committed 14080K, reserved 1048576K
}
Event: 13.717 GC heap before
{Heap before GC invocations=35 (full 0):
 garbage-first heap   total 153600K, used 139787K [0x0000000080000000, 0x0000000100000000)
  region size 1024K, 50 young (51200K), 5 survivors (5120K)
 Metaspace       used 95371K, committed 97344K, reserved 1179648K
  class space    used 13272K, committed 14208K, reserved 1048576K
}
Event: 13.722 GC heap after
{Heap after GC invocations=36 (full 0):
 garbage-first heap   total 153600K, used 97438K [0x0000000080000000, 0x0000000100000000)
  region size 1024K, 7 young (7168K), 7 survivors (7168K)
 Metaspace       used 95371K, committed 97344K, reserved 1179648K
  class space    used 13272K, committed 14208K, reserved 1048576K
}
Event: 14.139 GC heap before
{Heap before GC invocations=36 (full 0):
 garbage-first heap   total 153600K, used 136350K [0x0000000080000000, 0x0000000100000000)
  region size 1024K, 46 young (47104K), 7 survivors (7168K)
 Metaspace       used 98429K, committed 100416K, reserved 1179648K
  class space    used 13700K, committed 14656K, reserved 1048576K
}
Event: 14.143 GC heap after
{Heap after GC invocations=37 (full 0):
 garbage-first heap   total 153600K, used 99690K [0x0000000080000000, 0x0000000100000000)
  region size 1024K, 3 young (3072K), 3 survivors (3072K)
 Metaspace       used 98429K, committed 100416K, reserved 1179648K
  class space    used 13700K, committed 14656K, reserved 1048576K
}
Event: 14.709 GC heap before
{Heap before GC invocations=38 (full 0):
 garbage-first heap   total 168960K, used 141674K [0x0000000080000000, 0x0000000100000000)
  region size 1024K, 43 young (44032K), 3 survivors (3072K)
 Metaspace       used 101746K, committed 103808K, reserved 1179648K
  class space    used 14308K, committed 15296K, reserved 1048576K
}
Event: 14.712 GC heap after
{Heap after GC invocations=39 (full 0):
 garbage-first heap   total 168960K, used 100314K [0x0000000080000000, 0x0000000100000000)
  region size 1024K, 4 young (4096K), 4 survivors (4096K)
 Metaspace       used 101746K, committed 103808K, reserved 1179648K
  class space    used 14308K, committed 15296K, reserved 1048576K
}
Event: 15.398 GC heap before
{Heap before GC invocations=39 (full 0):
 garbage-first heap   total 168960K, used 152538K [0x0000000080000000, 0x0000000100000000)
  region size 1024K, 55 young (56320K), 4 survivors (4096K)
 Metaspace       used 105592K, committed 107648K, reserved 1179648K
  class space    used 14875K, committed 15872K, reserved 1048576K
}
Event: 15.401 GC heap after
{Heap after GC invocations=40 (full 0):
 garbage-first heap   total 168960K, used 101164K [0x0000000080000000, 0x0000000100000000)
  region size 1024K, 6 young (6144K), 6 survivors (6144K)
 Metaspace       used 105592K, committed 107648K, reserved 1179648K
  class space    used 14875K, committed 15872K, reserved 1048576K
}
Event: 16.085 GC heap before
{Heap before GC invocations=40 (full 0):
 garbage-first heap   total 168960K, used 152364K [0x0000000080000000, 0x0000000100000000)
  region size 1024K, 56 young (57344K), 6 survivors (6144K)
 Metaspace       used 109595K, committed 111744K, reserved 1179648K
  class space    used 15474K, committed 16512K, reserved 1048576K
}
Event: 16.090 GC heap after
{Heap after GC invocations=41 (full 0):
 garbage-first heap   total 168960K, used 103976K [0x0000000080000000, 0x0000000100000000)
  region size 1024K, 7 young (7168K), 7 survivors (7168K)
 Metaspace       used 109595K, committed 111744K, reserved 1179648K
  class space    used 15474K, committed 16512K, reserved 1048576K
}

